<?xml version="1.0" encoding="UTF-8"?>
<!-- Generated by org.testng.reporters.JUnitXMLReporter -->
<testsuite ignored="14" hostname="DESKTOP-S08JHD2" failures="0" tests="1" name="Default test" time="25.628" errors="0" timestamp="2022-08-16T19:26:21 EDT">
  <testcase classname="testLayer.RegistrationTestCase" name="security" time="18.32"/>
  <testcase classname="testLayer.RegistrationTestCase" name="invalidnumber" time="0.0">
    <ignored/>
  </testcase> <!-- invalidnumber -->
  <testcase classname="testLayer.RegistrationTestCase" name="invalidsinpass" time="0.0">
    <ignored/>
  </testcase> <!-- invalidsinpass -->
  <testcase classname="testLayer.RegistrationTestCase" name="invalidname" time="0.0">
    <ignored/>
  </testcase> <!-- invalidname -->
  <testcase classname="testLayer.RegistrationTestCase" name="checkbox" time="0.0">
    <ignored/>
  </testcase> <!-- checkbox -->
  <testcase classname="testLayer.RegistrationTestCase" name="validemail" time="0.0">
    <ignored/>
  </testcase> <!-- validemail -->
  <testcase classname="testLayer.RegistrationTestCase" name="invalidsigin" time="0.0">
    <ignored/>
  </testcase> <!-- invalidsigin -->
  <testcase classname="testLayer.RegistrationTestCase" name="account" time="0.0">
    <ignored/>
  </testcase> <!-- account -->
  <testcase classname="testLayer.RegistrationTestCase" name="address" time="0.0">
    <ignored/>
  </testcase> <!-- address -->
  <testcase classname="testLayer.RegistrationTestCase" name="notshipped" time="0.0">
    <ignored/>
  </testcase> <!-- notshipped -->
  <testcase classname="testLayer.RegistrationTestCase" name="validpassword" time="0.0">
    <ignored/>
  </testcase> <!-- validpassword -->
  <testcase classname="testLayer.RegistrationTestCase" name="invalidpassword" time="0.0">
    <ignored/>
  </testcase> <!-- invalidpassword -->
  <testcase classname="testLayer.RegistrationTestCase" name="validnumber" time="0.0">
    <ignored/>
  </testcase> <!-- validnumber -->
  <testcase classname="testLayer.RegistrationTestCase" name="buyagain" time="0.0">
    <ignored/>
  </testcase> <!-- buyagain -->
  <testcase classname="testLayer.RegistrationTestCase" name="existingacc" time="0.0">
    <ignored/>
  </testcase> <!-- existingacc -->
</testsuite> <!-- Default test -->
